\BOOKMARK [1][-]{section.1}{\376\377\000W\000a\000r\000n\000i\000n\000g\000s\000\040\000t\000o\000\040\000u\000s\000e\000r\000s}{}% 1
\BOOKMARK [1][-]{section.2}{\376\377\000D\000e\000v\000e\000l\000o\000p\000m\000e\000n\000t\000\040\000T\000a\000s\000k\000s}{}% 2
\BOOKMARK [1][-]{section.3}{\376\377\000F\000o\000r\000m\000a\000t\000t\000i\000n\000g}{}% 3
\BOOKMARK [1][-]{section.4}{\376\377\000I\000t\000e\000m\000i\000z\000a\000t\000i\000o\000n}{}% 4
\BOOKMARK [2][-]{subsection.4.1}{\376\377\000B\000u\000l\000l\000e\000t\000\040\000l\000i\000s\000t}{section.4}% 5
\BOOKMARK [2][-]{subsection.4.2}{\376\377\000E\000n\000u\000m\000e\000r\000a\000t\000e\000d\000\040\000l\000i\000s\000t}{section.4}% 6
\BOOKMARK [2][-]{subsection.4.3}{\376\377\000T\000a\000s\000k\000\040\000l\000i\000s\000t}{section.4}% 7
\BOOKMARK [1][-]{section.5}{\376\377\000A\000d\000d\000i\000n\000g\000\040\000c\000i\000t\000a\000t\000i\000o\000n\000s}{}% 8
\BOOKMARK [1][-]{section.6}{\376\377\000E\000q\000u\000a\000t\000i\000o\000n\000s}{}% 9
\BOOKMARK [2][-]{subsection.6.1}{\376\377\000W\000r\000i\000t\000i\000n\000g\000\040\000t\000h\000e\000\040\000e\000q\000u\000a\000t\000i\000o\000n}{section.6}% 10
\BOOKMARK [2][-]{subsection.6.2}{\376\377\000R\000e\000f\000e\000r\000e\000n\000c\000i\000n\000g\000\040\000t\000h\000e\000\040\000e\000q\000u\000a\000t\000i\000o\000n}{section.6}% 11
\BOOKMARK [1][-]{section.7}{\376\377\000F\000i\000g\000u\000r\000e\000s}{}% 12
\BOOKMARK [2][-]{subsection.7.1}{\376\377\000A\000d\000d\000i\000n\000g\000\040\000f\000i\000g\000u\000r\000e\000s}{section.7}% 13
\BOOKMARK [3][-]{subsubsection.7.1.1}{\376\377\000N\000o\000\040\000s\000u\000b\000f\000i\000g\000u\000r\000e\000s}{subsection.7.1}% 14
\BOOKMARK [3][-]{subsubsection.7.1.2}{\376\377\000W\000i\000t\000h\000\040\000s\000u\000b\000f\000i\000g\000u\000r\000e\000s}{subsection.7.1}% 15
\BOOKMARK [2][-]{subsection.7.2}{\376\377\000R\000e\000f\000e\000r\000e\000n\000c\000i\000n\000g\000\040\000f\000i\000g\000u\000r\000e\000s}{section.7}% 16
\BOOKMARK [1][-]{section.8}{\376\377\000A\000d\000m\000o\000n\000i\000t\000i\000o\000n\000\040\000b\000l\000o\000c\000k\000s}{}% 17
\BOOKMARK [1][-]{section.9}{\376\377\000C\000o\000d\000e\000\040\000b\000l\000o\000c\000k\000s}{}% 18
\BOOKMARK [1][-]{section.10}{\376\377\000C\000r\000o\000s\000s\000-\000r\000e\000f\000e\000r\000e\000n\000c\000e\000\040\000o\000f\000\040\000s\000e\000c\000t\000i\000o\000n}{}% 19
\BOOKMARK [1][-]{section.11}{\376\377\000"\0004\0007\000A\000C\000r\000o\000s\000s\000-\000r\000e\000f\000e\000r\000e\000n\000c\000e\000\040\000o\000f\000\040\000b\000l\000o\000c\000k}{}% 20
\BOOKMARK [1][-]{section.12}{\376\377\000A\000s\000s\000u\000m\000e\000\040\000s\000e\000c\000t\000i\000o\000n\000s\000\040\000f\000r\000o\000m\000\040\000e\000m\000b\000e\000d\000d\000e\000d\000\040\000n\000o\000t\000e\000s}{}% 21
\BOOKMARK [1][-]{section.13}{\376\377\000H\000y\000p\000e\000r\000l\000i\000n\000k\000s}{}% 22
\BOOKMARK [1][-]{section.14}{\376\377\000T\000a\000b\000l\000e\000s}{}% 23
\BOOKMARK [1][-]{section.15}{\376\377\000L\000a\000t\000e\000x\000\040\000c\000o\000m\000m\000a\000n\000d\000s}{}% 24
\BOOKMARK [1][-]{section.16}{\376\377\000I\000n\000l\000i\000n\000e\000\040\000c\000o\000d\000e\000\040\000p\000a\000r\000a\000m\000e\000t\000e\000r\000i\000z\000a\000t\000i\000o\000n}{}% 25
